<?xml version="1.0" encoding="UTF-8"?>
<!-- Generated by org.testng.reporters.JUnitXMLReporter -->
<testsuite hostname="MAVRLT563" ignored="4" name="Test" tests="3" failures="0" timestamp="03 Jul 2020 13:32:29 GMT" time="0.06" errors="0">
  <testcase name="multiplication" time="0.02" classname="com.TestNGAssignment.TestCase2"/>
  <testcase name="Subtraction" time="0.02" classname="com.TestNGAssignment.TestCase1"/>
  <testcase name="negate" time="0.002" classname="com.TestNGAssignment.TestCase2"/>
  <testcase name="exp" time="0.0" classname="com.TestNGAssignment.TestCase1">
    <ignored/>
  </testcase> <!-- exp -->
  <testcase name="multiplication" time="0.0" classname="com.TestNGAssignment.TestCase1">
    <ignored/>
  </testcase> <!-- multiplication -->
  <testcase name="divreal" time="0.0" classname="com.TestNGAssignment.TestCase1">
    <ignored/>
  </testcase> <!-- divreal -->
  <testcase name="Addition" time="0.0" classname="com.TestNGAssignment.TestCase1">
    <ignored/>
  </testcase> <!-- Addition -->
</testsuite> <!-- Test -->
