<?xml version="1.0" encoding="UTF-8"?>
<!-- Generated by org.testng.reporters.JUnitXMLReporter -->
<testsuite hostname="MAVRLT563" ignored="4" name="Test" tests="1" failures="0" timestamp="03 Jul 2020 12:51:07 GMT" time="0.142" errors="0">
  <testcase name="Subtraction" time="0.044" classname="com.TestNGAssignment.TestCase1"/>
  <testcase name="exp" time="0.0" classname="com.TestNGAssignment.TestCase1">
    <ignored/>
  </testcase> <!-- exp -->
  <testcase name="multiplication" time="0.0" classname="com.TestNGAssignment.TestCase1">
    <ignored/>
  </testcase> <!-- multiplication -->
  <testcase name="divreal" time="0.0" classname="com.TestNGAssignment.TestCase1">
    <ignored/>
  </testcase> <!-- divreal -->
  <testcase name="Addition" time="0.0" classname="com.TestNGAssignment.TestCase1">
    <ignored/>
  </testcase> <!-- Addition -->
</testsuite> <!-- Test -->
